<?xml version="1.0" encoding="UTF-8"?>
<!-- Generated by org.testng.reporters.JUnitXMLReporter -->
<testsuite ignored="4" hostname="LAPTOP-5G0H4FFG" failures="0" tests="4" name="Test" time="0.027" errors="0" timestamp="2021-09-20T21:01:40 PDT">
  <testcase classname="annotationConcept.Ann2" name="test3" time="0.003"/>
  <testcase classname="annotationConcept.Ann2" name="test4" time="0.0"/>
  <testcase classname="annotationConcept.Ann1" name="SignUP" time="0.0"/>
  <testcase classname="annotationConcept.Ann1" name="SignIn" time="0.0"/>
  <testcase classname="annotationConcept.Utility" name="@AfterSuite ASuite" time="0.0">
    <ignored/>
  </testcase> <!-- @AfterSuite ASuite -->
  <testcase classname="annotationConcept.Utility" name="@BeforeTest TBefore" time="0.0">
    <ignored/>
  </testcase> <!-- @BeforeTest TBefore -->
  <testcase classname="annotationConcept.Utility" name="@BeforeSuite BSuite" time="0.0">
    <ignored/>
  </testcase> <!-- @BeforeSuite BSuite -->
  <testcase classname="annotationConcept.Utility" name="@AfterTest ABefore" time="0.0">
    <ignored/>
  </testcase> <!-- @AfterTest ABefore -->
</testsuite> <!-- Test -->
