<?xml version="1.0" encoding="UTF-8"?>
<!-- Generated by org.testng.reporters.JUnitXMLReporter -->
<testsuite ignored="10" hostname="LAPTOP-5G0H4FFG" failures="0" tests="3" name="Marketing section " time="0.028" errors="0" timestamp="2021-09-20T21:05:20 PDT">
  <testcase classname="annotationConcept.Ann2" name="test4" time="0.003"/>
  <testcase classname="annotationConcept.Ann1" name="SignUP" time="0.0"/>
  <testcase classname="annotationConcept.Ann1" name="SignIn" time="0.001"/>
  <testcase classname="annotationConcept.Utility" name="@AfterSuite ASuite" time="0.0">
    <ignored/>
  </testcase> <!-- @AfterSuite ASuite -->
  <testcase classname="annotationConcept.Utility" name="@AfterSuite ASuite" time="0.0">
    <ignored/>
  </testcase> <!-- @AfterSuite ASuite -->
  <testcase classname="annotationConcept.Utility" name="@BeforeTest TBefore" time="0.0">
    <ignored/>
  </testcase> <!-- @BeforeTest TBefore -->
  <testcase classname="annotationConcept.Utility" name="@BeforeTest TBefore" time="0.0">
    <ignored/>
  </testcase> <!-- @BeforeTest TBefore -->
  <testcase classname="annotationConcept.Utility" name="@BeforeSuite BSuite" time="0.0">
    <ignored/>
  </testcase> <!-- @BeforeSuite BSuite -->
  <testcase classname="annotationConcept.Utility" name="@BeforeSuite BSuite" time="0.0">
    <ignored/>
  </testcase> <!-- @BeforeSuite BSuite -->
  <testcase classname="annotationConcept.Ann2" name="test3" time="0.0">
    <ignored/>
  </testcase> <!-- test3 -->
  <testcase classname="annotationConcept.Ann3" name="test5" time="0.0">
    <ignored/>
  </testcase> <!-- test5 -->
  <testcase classname="annotationConcept.Utility" name="@AfterTest ABefore" time="0.0">
    <ignored/>
  </testcase> <!-- @AfterTest ABefore -->
  <testcase classname="annotationConcept.Utility" name="@AfterTest ABefore" time="0.0">
    <ignored/>
  </testcase> <!-- @AfterTest ABefore -->
</testsuite> <!-- Marketing section  -->
