<?xml version="1.0" encoding="UTF-8"?>
<testng-results ignored="0" total="1" passed="1" failed="0" skipped="0">
  <reporter-output>
  </reporter-output>
  <suite started-at="2022-09-28T09:53:50 PDT" name="Default suite" finished-at="2022-09-28T09:53:50 PDT" duration-ms="46">
    <groups>
    </groups>
    <test started-at="2022-09-28T09:53:50 PDT" name="Default test" finished-at="2022-09-28T09:53:50 PDT" duration-ms="46">
      <class name="codeChallenge_Number.StarPattern">
        <test-method signature="starPattern()[pri:0, instance:codeChallenge_Number.StarPattern@3c73951]" started-at="2022-09-28T09:53:50 PDT" name="starPattern" finished-at="2022-09-28T09:53:50 PDT" duration-ms="9" status="PASS">
          <reporter-output>
          </reporter-output>
        </test-method> <!-- starPattern -->
      </class> <!-- codeChallenge_Number.StarPattern -->
    </test> <!-- Default test -->
  </suite> <!-- Default suite -->
</testng-results>
