<?xml version="1.0" encoding="UTF-8"?>
<testng-results ignored="0" total="1" passed="1" failed="0" skipped="0">
  <reporter-output>
  </reporter-output>
  <suite started-at="2022-02-04T12:23:55 PST" name="Default suite" finished-at="2022-02-04T12:24:00 PST" duration-ms="4715">
    <groups>
    </groups>
    <test started-at="2022-02-04T12:23:55 PST" name="Default test" finished-at="2022-02-04T12:24:00 PST" duration-ms="4715">
      <class name="jun2021.ReadExcel">
        <test-method signature="NewAcctTTK()[pri:0, instance:jun2021.ReadExcel@7e5afaa6]" started-at="2022-02-04T12:23:55 PST" name="NewAcctTTK" finished-at="2022-02-04T12:24:00 PST" duration-ms="4685" status="PASS">
          <reporter-output>
          </reporter-output>
        </test-method> <!-- NewAcctTTK -->
      </class> <!-- jun2021.ReadExcel -->
    </test> <!-- Default test -->
  </suite> <!-- Default suite -->
</testng-results>
